<?xml version="1.0" encoding="UTF-8"?>
<!-- Generated by org.testng.reporters.JUnitXMLReporter -->
<testsuite hostname="NURUL-PC" ignored="2" name="Test2" tests="1" failures="0" timestamp="14 May 2018 02:56:25 GMT" time="0.567" errors="0">
  <testcase name="@BeforeTest verifylaunch" time="0.0" classname="com.ranford1.RanfordBank.Textexecution">
    <failure type="java.lang.NullPointerException">
      <![CDATA[java.lang.NullPointerException
	at com.ranford1.RanfordBank.Reprository.launchapp(Reprository.java:54)
	at com.ranford1.RanfordBank.Textexecution.verifylaunch(Textexecution.java:18)
	at java.util.concurrent.FutureTask.run(FutureTask.java:266)
	at java.util.concurrent.ThreadPoolExecutor.runWorker(ThreadPoolExecutor.java:1149)
	at java.util.concurrent.ThreadPoolExecutor$Worker.run(ThreadPoolExecutor.java:624)
	at java.lang.Thread.run(Thread.java:748)
... Removed 14 stack frames]]>
    </failure>
  </testcase> <!-- @BeforeTest verifylaunch -->
  <testcase name="@BeforeTest verifylaunch" time="0.0" classname="com.ranford1.RanfordBank.Textexecution">
    <failure type="java.lang.NullPointerException">
      <![CDATA[java.lang.NullPointerException
	at com.ranford1.RanfordBank.Reprository.launchapp(Reprository.java:54)
	at com.ranford1.RanfordBank.Textexecution.verifylaunch(Textexecution.java:18)
	at java.util.concurrent.FutureTask.run(FutureTask.java:266)
	at java.util.concurrent.ThreadPoolExecutor.runWorker(ThreadPoolExecutor.java:1149)
	at java.util.concurrent.ThreadPoolExecutor$Worker.run(ThreadPoolExecutor.java:624)
	at java.lang.Thread.run(Thread.java:748)
... Removed 14 stack frames]]>
    </failure>
  </testcase> <!-- @BeforeTest verifylaunch -->
  <testcase name="verifylogin" time="0.058" classname="com.ranford1.RanfordBank.Textexecution">
    <skipped/>
  </testcase> <!-- verifylogin -->
  <testcase name="verifybranches" time="0.0" classname="com.ranford1.RanfordBank.Textexecution">
    <ignored/>
  </testcase> <!-- verifybranches -->
  <testcase name="verify_webtable1" time="0.0" classname="com.ranford1.RanfordBank.Textexecution">
    <ignored/>
  </testcase> <!-- verify_webtable1 -->
</testsuite> <!-- Test2 -->
